DEBUG:cave.cavefacade.CAVE:Output-dir 'CAVE_BOHB_results' was already created, call ignored
DEBUG:cave.cavefacade.CAVE:Running CAVE version 1.1.6
DEBUG:cave.utils.hpbandster2smac.HpBandSter2SMAC:Detected and loaded "/home/lchen/parameters/result/configspace.json". No backup-cs necessary
DEBUG:cave.utils.hpbandster2smac.HpBandSter2SMAC:Skipped 0 None- and 0 NaN-loss-values in BOHB-result
INFO:cave.utils.hpbandster2smac.HpBandSter2SMAC:Assuming BOHB treats target algorithms as deterministic (and does not re-evaluate)
INFO:smac.utils.io.cmd_reader.CMDReader:Output to CAVE_BOHB_results
DEBUG:smac.scenario.scenario.Scenario:SMAC and Scenario Options:
DEBUG:smac.scenario.scenario.Scenario:Output directory does not exist! Will be created.
DEBUG:smac.scenario.scenario.Scenario:Writing scenario-file to CAVE_BOHB_results/budget_9/scenario.txt.
INFO:smac.utils.io.cmd_reader.CMDReader:Output to CAVE_BOHB_results
DEBUG:smac.scenario.scenario.Scenario:SMAC and Scenario Options:
DEBUG:smac.scenario.scenario.Scenario:Output directory does not exist! Will be created.
DEBUG:smac.scenario.scenario.Scenario:Writing scenario-file to CAVE_BOHB_results/budget_27/scenario.txt.
INFO:smac.utils.io.cmd_reader.CMDReader:Output to CAVE_BOHB_results
DEBUG:smac.scenario.scenario.Scenario:SMAC and Scenario Options:
DEBUG:smac.scenario.scenario.Scenario:Output directory does not exist! Will be created.
DEBUG:smac.scenario.scenario.Scenario:Writing scenario-file to CAVE_BOHB_results/budget_81/scenario.txt.
INFO:smac.utils.io.cmd_reader.CMDReader:Output to CAVE_BOHB_results
DEBUG:smac.scenario.scenario.Scenario:SMAC and Scenario Options:
DEBUG:smac.scenario.scenario.Scenario:Output directory does not exist! Will be created.
DEBUG:smac.scenario.scenario.Scenario:Writing scenario-file to CAVE_BOHB_results/budget_243/scenario.txt.
DEBUG:cave.cavefacade.CAVE:Folders: ('CAVE_BOHB_results/budget_9', 'CAVE_BOHB_results/budget_27', 'CAVE_BOHB_results/budget_81', 'CAVE_BOHB_results/budget_243'); ta-exec-dirs: ['.']
DEBUG:cave.cavefacade.CAVE:Collecting data from CAVE_BOHB_results/budget_9.
DEBUG:cave.ConfiguratorRun.CAVE_BOHB_results/budget_9:Loading from 'CAVE_BOHB_results/budget_9' with ta_exec_dir '.'.
DEBUG:cave.reader:Creating scenario from '.'
DEBUG:smac.utils.io.cmd_reader.CMDReader:Deactivate output directory.
DEBUG:smac.utils.io.cmd_reader.CMDReader:Loading pcs as json from: CAVE_BOHB_results/budget_9/configspace.json
DEBUG:smac.scenario.scenario.Scenario:SMAC and Scenario Options:
DEBUG:cave.ConfiguratorRun.CAVE_BOHB_results/budget_9:RunHistory original runhistory only evaluated on 0/1 train-insts for default in folder CAVE_BOHB_results/budget_9
DEBUG:cave.ConfiguratorRun.CAVE_BOHB_results/budget_9:RunHistory original runhistory only evaluated on 0/1 test-insts for default in folder CAVE_BOHB_results/budget_9
DEBUG:cave.reader.configurator_run.ConfiguratorRun:No rng and no run_id given: using a random value to initialize run_id.
INFO:cave.reader.configurator_run.ConfiguratorRun:Optimizing a deterministic scenario for quality without a tuner timeout - will make SMAC deterministic!
INFO:smac.scenario.scenario.Scenario:No output directory for scenario logging specified -- scenario will not be logged.
INFO:smac.utils.io.traj_logging.TrajLogger:No output directory for trajectory logging specified -- trajectory will not be logged.
